2015/01/05 14:41:56 INFO  - jmeter.util.JMeterUtils: Setting Locale to en_GB 
2015/01/05 14:41:56 INFO  - jmeter.JMeter: Loading user properties from: C:\ErikProgramFiles\apache-jmeter-2.11\bin\user.properties 
2015/01/05 14:41:56 INFO  - jmeter.JMeter: Loading system properties from: C:\ErikProgramFiles\apache-jmeter-2.11\bin\system.properties 
2015/01/05 14:41:56 INFO  - jmeter.JMeter: Copyright (c) 1998-2014 The Apache Software Foundation 
2015/01/05 14:41:56 INFO  - jmeter.JMeter: Version 2.11 r1554548 
2015/01/05 14:41:56 INFO  - jmeter.JMeter: java.version=1.8.0_05 
2015/01/05 14:41:56 INFO  - jmeter.JMeter: java.vm.name=Java HotSpot(TM) 64-Bit Server VM 
2015/01/05 14:41:56 INFO  - jmeter.JMeter: os.name=Windows 7 
2015/01/05 14:41:56 INFO  - jmeter.JMeter: os.arch=amd64 
2015/01/05 14:41:56 INFO  - jmeter.JMeter: os.version=6.1 
2015/01/05 14:41:56 INFO  - jmeter.JMeter: file.encoding=Cp1252 
2015/01/05 14:41:56 INFO  - jmeter.JMeter: Default Locale=English (United Kingdom) 
2015/01/05 14:41:56 INFO  - jmeter.JMeter: JMeter  Locale=English (United Kingdom) 
2015/01/05 14:41:56 INFO  - jmeter.JMeter: JMeterHome=C:\ErikProgramFiles\apache-jmeter-2.11 
2015/01/05 14:41:56 INFO  - jmeter.JMeter: user.dir  =C:\Users\vaningen\git\figis\jmeter\2 figisCacheBugAnalysis 
2015/01/05 14:41:56 INFO  - jmeter.JMeter: PWD       =C:\Users\vaningen\git\figis\jmeter\2 figisCacheBugAnalysis 
2015/01/05 14:41:56 INFO  - jmeter.JMeter: IP: 168.202.54.196 Name: PC008581 FullName: PC008581.hq.un.fao.org 
2015/01/05 14:41:56 INFO  - jmeter.JMeter: Loaded icon properties from org/apache/jmeter/images/icon.properties 
2015/01/05 14:41:56 INFO  - jmeter.engine.util.CompoundVariable: Note: Function class names must contain the string: '.functions.' 
2015/01/05 14:41:56 INFO  - jmeter.engine.util.CompoundVariable: Note: Function class names must not contain the string: '.gui.' 
2015/01/05 14:41:57 INFO  - jmeter.gui.action.LookAndFeelCommand: Using look and feel: javax.swing.plaf.metal.MetalLookAndFeel [Metal, CrossPlatform] 
2015/01/05 14:41:57 INFO  - jmeter.util.BSFTestElement: Registering JMeter version of JavaScript engine as work-round for BSF-22 
2015/01/05 14:41:57 INFO  - jmeter.protocol.http.sampler.HTTPSamplerBase: Cannot find .className property for htmlParser, using default 
2015/01/05 14:41:57 INFO  - jmeter.protocol.http.sampler.HTTPSamplerBase: Parser for text/html is  
2015/01/05 14:41:57 INFO  - jmeter.protocol.http.sampler.HTTPSamplerBase: Parser for application/xhtml+xml is  
2015/01/05 14:41:57 INFO  - jmeter.protocol.http.sampler.HTTPSamplerBase: Parser for application/xml is  
2015/01/05 14:41:57 INFO  - jmeter.protocol.http.sampler.HTTPSamplerBase: Parser for text/xml is  
2015/01/05 14:41:57 INFO  - jmeter.protocol.http.sampler.HTTPSamplerBase: Parser for text/vnd.wap.wml is org.apache.jmeter.protocol.http.parser.RegexpHTMLParser 
2015/01/05 14:41:57 INFO  - jmeter.gui.util.MenuFactory: Skipping org.apache.jmeter.protocol.http.control.gui.WebServiceSamplerGui 
2015/01/05 14:41:57 INFO  - jmeter.gui.util.MenuFactory: Skipping org.apache.jmeter.protocol.http.modifier.gui.ParamModifierGui 
2015/01/05 14:41:57 INFO  - jorphan.exec.KeyToolUtils: keytool found at 'C:\Program Files\Java\jre8\bin\keytool' 
2015/01/05 14:41:57 INFO  - jmeter.protocol.http.proxy.ProxyControl: HTTP(S) Test Script Recorder SSL Proxy will use keys that support embedded 3rd party resources in file C:\ErikProgramFiles\apache-jmeter-2.11\bin\proxyserver.jks 
2015/01/05 14:41:58 INFO  - jmeter.samplers.SampleResult: Note: Sample TimeStamps are START times 
2015/01/05 14:41:58 INFO  - jmeter.samplers.SampleResult: sampleresult.default.encoding is set to ISO-8859-1 
2015/01/05 14:41:58 INFO  - jmeter.samplers.SampleResult: sampleresult.useNanoTime=true 
2015/01/05 14:41:58 INFO  - jmeter.samplers.SampleResult: sampleresult.nanoThreadSleep=5000 
2015/01/05 14:42:01 INFO  - jmeter.services.FileServer: Default base='C:\Users\vaningen\git\figis\jmeter\2 figisCacheBugAnalysis' 
2015/01/05 14:42:01 INFO  - jmeter.gui.action.Load: Loading file: C:\Users\vaningen\git\figis\jmeter\2 figisCacheBugAnalysis\devWith1Url.jmx 
2015/01/05 14:42:01 INFO  - jmeter.services.FileServer: Set new base='C:\Users\vaningen\git\figis\jmeter\2 figisCacheBugAnalysis' 
2015/01/05 14:42:01 INFO  - jmeter.save.SaveService: Testplan (JMX) version: 2.2. Testlog (JTL) version: 2.2 
2015/01/05 14:42:01 INFO  - jmeter.save.SaveService: Using SaveService properties file encoding UTF-8 
2015/01/05 14:42:01 INFO  - jmeter.save.SaveService: Using SaveService properties version 2.6 
2015/01/05 14:42:01 INFO  - jmeter.save.SaveService: Using SaveService properties file version 1554411 
2015/01/05 14:42:01 INFO  - jmeter.save.SaveService: All converter versions present and correct 
2015/01/05 14:42:01 INFO  - jmeter.services.FileServer: Set new base='C:\Users\vaningen\git\figis\jmeter\2 figisCacheBugAnalysis' 
2015/01/05 14:45:06 WARN  - jmeter.protocol.http.proxy.ProxyControl: Problem reading key store: NotAfter: Wed Aug 27 15:32:14 CEST 2014 
2015/01/05 14:45:06 INFO  - jmeter.protocol.http.proxy.ProxyControl: Creating Proxy CA in C:\ErikProgramFiles\apache-jmeter-2.11\bin\proxyserver.jks 
2015/01/05 14:45:09 ERROR - jmeter.protocol.http.proxy.ProxyControl: Could not initialise key store java.io.FileNotFoundException: Source 'ApacheJMeterTemporaryRootCA.crt' does not exist
	at org.apache.commons.io.FileUtils.copyFile(FileUtils.java:1074)
	at org.apache.commons.io.FileUtils.copyFile(FileUtils.java:1038)
	at org.apache.jorphan.exec.KeyToolUtils.generateProxyCA(KeyToolUtils.java:250)
	at org.apache.jmeter.protocol.http.proxy.ProxyControl.initDynamicKeyStore(ProxyControl.java:1281)
	at org.apache.jmeter.protocol.http.proxy.ProxyControl.initKeyStore(ProxyControl.java:1208)
	at org.apache.jmeter.protocol.http.proxy.ProxyControl.startProxy(ProxyControl.java:434)
	at org.apache.jmeter.protocol.http.proxy.gui.ProxyControlGui.startProxy(ProxyControlGui.java:485)
	at org.apache.jmeter.protocol.http.proxy.gui.ProxyControlGui.actionPerformed(ProxyControlGui.java:370)
	at javax.swing.AbstractButton.fireActionPerformed(Unknown Source)
	at javax.swing.AbstractButton$Handler.actionPerformed(Unknown Source)
	at javax.swing.DefaultButtonModel.fireActionPerformed(Unknown Source)
	at javax.swing.DefaultButtonModel.setPressed(Unknown Source)
	at javax.swing.plaf.basic.BasicButtonListener.mouseReleased(Unknown Source)
	at java.awt.Component.processMouseEvent(Unknown Source)
	at javax.swing.JComponent.processMouseEvent(Unknown Source)
	at java.awt.Component.processEvent(Unknown Source)
	at java.awt.Container.processEvent(Unknown Source)
	at java.awt.Component.dispatchEventImpl(Unknown Source)
	at java.awt.Container.dispatchEventImpl(Unknown Source)
	at java.awt.Component.dispatchEvent(Unknown Source)
	at java.awt.LightweightDispatcher.retargetMouseEvent(Unknown Source)
	at java.awt.LightweightDispatcher.processMouseEvent(Unknown Source)
	at java.awt.LightweightDispatcher.dispatchEvent(Unknown Source)
	at java.awt.Container.dispatchEventImpl(Unknown Source)
	at java.awt.Window.dispatchEventImpl(Unknown Source)
	at java.awt.Component.dispatchEvent(Unknown Source)
	at java.awt.EventQueue.dispatchEventImpl(Unknown Source)
	at java.awt.EventQueue.access$400(Unknown Source)
	at java.awt.EventQueue$3.run(Unknown Source)
	at java.awt.EventQueue$3.run(Unknown Source)
	at java.security.AccessController.doPrivileged(Native Method)
	at java.security.ProtectionDomain$1.doIntersectionPrivilege(Unknown Source)
	at java.security.ProtectionDomain$1.doIntersectionPrivilege(Unknown Source)
	at java.awt.EventQueue$4.run(Unknown Source)
	at java.awt.EventQueue$4.run(Unknown Source)
	at java.security.AccessController.doPrivileged(Native Method)
	at java.security.ProtectionDomain$1.doIntersectionPrivilege(Unknown Source)
	at java.awt.EventQueue.dispatchEvent(Unknown Source)
	at java.awt.EventDispatchThread.pumpOneEventForFilters(Unknown Source)
	at java.awt.EventDispatchThread.pumpEventsForFilter(Unknown Source)
	at java.awt.EventDispatchThread.pumpEventsForHierarchy(Unknown Source)
	at java.awt.EventDispatchThread.pumpEvents(Unknown Source)
	at java.awt.EventDispatchThread.pumpEvents(Unknown Source)
	at java.awt.EventDispatchThread.run(Unknown Source)

2015/01/05 15:02:32 INFO  - jmeter.engine.StandardJMeterEngine: Listeners will be started after enabling running version 
2015/01/05 15:02:32 INFO  - jmeter.engine.StandardJMeterEngine: To revert to the earlier behaviour, define jmeterengine.startlistenerslater=false 
2015/01/05 15:02:32 INFO  - jmeter.engine.StandardJMeterEngine: Running the test! 
2015/01/05 15:02:32 INFO  - jmeter.samplers.SampleEvent: List of sample_variables: [] 
2015/01/05 15:02:32 INFO  - jmeter.samplers.SampleEvent: List of sample_variables: [] 
2015/01/05 15:02:32 INFO  - jmeter.gui.util.JMeterMenuBar: setRunning(true,*local*) 
2015/01/05 15:02:32 INFO  - jmeter.engine.StandardJMeterEngine: Starting ThreadGroup: 1 : Thread Group 
2015/01/05 15:02:32 INFO  - jmeter.engine.StandardJMeterEngine: Starting 1 threads for group Thread Group. 
2015/01/05 15:02:32 INFO  - jmeter.engine.StandardJMeterEngine: Thread will continue on error 
2015/01/05 15:02:32 INFO  - jmeter.threads.ThreadGroup: Starting thread group number 1 threads 1 ramp-up 1 perThread 1000.0 delayedStart=false 
2015/01/05 15:02:32 INFO  - jmeter.threads.JMeterThread: jmeterthread.startearlier=true (see jmeter.properties) 
2015/01/05 15:02:32 INFO  - jmeter.threads.JMeterThread: Running PostProcessors in forward order 
2015/01/05 15:02:32 INFO  - jmeter.threads.ThreadGroup: Started thread group number 1 
2015/01/05 15:02:32 INFO  - jmeter.engine.StandardJMeterEngine: All thread groups have been started 
2015/01/05 15:02:32 INFO  - jmeter.threads.JMeterThread: Thread started: Thread Group 1-1 
2015/01/05 15:02:32 INFO  - jmeter.protocol.http.sampler.HTTPHCAbstractImpl: Local host = PC008581 
2015/01/05 15:02:32 INFO  - jmeter.protocol.http.sampler.HTTPHC4Impl: HTTP request retry count = 0 
2015/01/05 15:02:32 INFO  - jmeter.protocol.http.sampler.HTTPHC4Impl: Setting up HTTPS TrustAll scheme 
2015/01/05 15:02:32 INFO  - jmeter.util.JsseSSLManager: Using default SSL protocol: TLS 
2015/01/05 15:02:32 INFO  - jmeter.util.JsseSSLManager: SSL session context: per-thread 
2015/01/05 15:02:52 INFO  - jmeter.threads.JMeterThread: Thread finished: Thread Group 1-1 
2015/01/05 15:02:52 INFO  - jmeter.engine.StandardJMeterEngine: Notifying test listeners of end of test 
2015/01/05 15:02:52 INFO  - jmeter.gui.util.JMeterMenuBar: setRunning(false,*local*) 
2015/01/05 15:02:54 INFO  - jmeter.engine.StandardJMeterEngine: Running the test! 
2015/01/05 15:02:54 INFO  - jmeter.samplers.SampleEvent: List of sample_variables: [] 
2015/01/05 15:02:54 INFO  - jmeter.gui.util.JMeterMenuBar: setRunning(true,*local*) 
2015/01/05 15:02:55 INFO  - jmeter.engine.StandardJMeterEngine: Starting ThreadGroup: 1 : Thread Group 
2015/01/05 15:02:55 INFO  - jmeter.engine.StandardJMeterEngine: Starting 1 threads for group Thread Group. 
2015/01/05 15:02:55 INFO  - jmeter.engine.StandardJMeterEngine: Thread will continue on error 
2015/01/05 15:02:55 INFO  - jmeter.threads.ThreadGroup: Starting thread group number 1 threads 1 ramp-up 1 perThread 1000.0 delayedStart=false 
2015/01/05 15:02:55 INFO  - jmeter.threads.ThreadGroup: Started thread group number 1 
2015/01/05 15:02:55 INFO  - jmeter.engine.StandardJMeterEngine: All thread groups have been started 
2015/01/05 15:02:55 INFO  - jmeter.threads.JMeterThread: Thread started: Thread Group 1-1 
2015/01/05 15:02:55 INFO  - jmeter.threads.JMeterThread: Thread finished: Thread Group 1-1 
2015/01/05 15:02:55 INFO  - jmeter.engine.StandardJMeterEngine: Notifying test listeners of end of test 
2015/01/05 15:02:55 INFO  - jmeter.gui.util.JMeterMenuBar: setRunning(false,*local*) 
2015/01/05 15:03:36 INFO  - jmeter.gui.action.Load: Loading file: C:\Users\vaningen\git\figis\jmeter\1 year 2014\approach4 development server\2\figis-jmeter.jmx 
2015/01/05 15:03:36 INFO  - jmeter.services.FileServer: Set new base='C:\Users\vaningen\git\figis\jmeter\1 year 2014\approach4 development server\2' 
2015/01/05 15:03:36 INFO  - jmeter.services.FileServer: Set new base='C:\Users\vaningen\git\figis\jmeter\1 year 2014\approach4 development server\2' 
2015/01/05 15:04:12 INFO  - jmeter.gui.action.Load: Loading file: C:\Users\vaningen\git\figis\jmeter\2 figisCacheBugAnalysis\devWith1Url.jmx 
2015/01/05 15:04:12 INFO  - jmeter.services.FileServer: Set new base='C:\Users\vaningen\git\figis\jmeter\2 figisCacheBugAnalysis' 
2015/01/05 15:04:12 INFO  - jmeter.services.FileServer: Set new base='C:\Users\vaningen\git\figis\jmeter\2 figisCacheBugAnalysis' 
2015/01/05 15:04:38 INFO  - jmeter.engine.StandardJMeterEngine: Running the test! 
2015/01/05 15:04:38 INFO  - jmeter.samplers.SampleEvent: List of sample_variables: [] 
2015/01/05 15:04:38 INFO  - jmeter.gui.util.JMeterMenuBar: setRunning(true,*local*) 
2015/01/05 15:04:38 INFO  - jmeter.engine.StandardJMeterEngine: Starting ThreadGroup: 1 : Thread Group 
2015/01/05 15:04:38 INFO  - jmeter.engine.StandardJMeterEngine: Starting 1 threads for group Thread Group. 
2015/01/05 15:04:38 INFO  - jmeter.engine.StandardJMeterEngine: Thread will continue on error 
2015/01/05 15:04:38 INFO  - jmeter.threads.ThreadGroup: Starting thread group number 1 threads 1 ramp-up 1 perThread 1000.0 delayedStart=false 
2015/01/05 15:04:38 INFO  - jmeter.threads.ThreadGroup: Started thread group number 1 
2015/01/05 15:04:38 INFO  - jmeter.engine.StandardJMeterEngine: All thread groups have been started 
2015/01/05 15:04:38 INFO  - jmeter.threads.JMeterThread: Thread started: Thread Group 1-1 
2015/01/05 15:04:38 INFO  - jmeter.threads.JMeterThread: Thread finished: Thread Group 1-1 
2015/01/05 15:04:38 INFO  - jmeter.engine.StandardJMeterEngine: Notifying test listeners of end of test 
2015/01/05 15:04:38 INFO  - jmeter.gui.util.JMeterMenuBar: setRunning(false,*local*) 
2015/01/05 15:04:51 INFO  - jmeter.engine.StandardJMeterEngine: Running the test! 
2015/01/05 15:04:51 INFO  - jmeter.samplers.SampleEvent: List of sample_variables: [] 
2015/01/05 15:04:51 INFO  - jmeter.gui.util.JMeterMenuBar: setRunning(true,*local*) 
2015/01/05 15:04:51 INFO  - jmeter.engine.StandardJMeterEngine: Starting ThreadGroup: 1 : Thread Group 
2015/01/05 15:04:51 INFO  - jmeter.engine.StandardJMeterEngine: Starting 1 threads for group Thread Group. 
2015/01/05 15:04:51 INFO  - jmeter.engine.StandardJMeterEngine: Thread will continue on error 
2015/01/05 15:04:51 INFO  - jmeter.threads.ThreadGroup: Starting thread group number 1 threads 1 ramp-up 1 perThread 1000.0 delayedStart=false 
2015/01/05 15:04:51 INFO  - jmeter.threads.ThreadGroup: Started thread group number 1 
2015/01/05 15:04:51 INFO  - jmeter.engine.StandardJMeterEngine: All thread groups have been started 
2015/01/05 15:04:51 INFO  - jmeter.threads.JMeterThread: Thread started: Thread Group 1-1 
2015/01/05 15:04:51 INFO  - jmeter.threads.JMeterThread: Thread finished: Thread Group 1-1 
2015/01/05 15:04:51 INFO  - jmeter.engine.StandardJMeterEngine: Notifying test listeners of end of test 
2015/01/05 15:04:51 INFO  - jmeter.gui.util.JMeterMenuBar: setRunning(false,*local*) 
2015/01/05 15:05:07 INFO  - jmeter.engine.StandardJMeterEngine: Running the test! 
2015/01/05 15:05:07 INFO  - jmeter.samplers.SampleEvent: List of sample_variables: [] 
2015/01/05 15:05:07 INFO  - jmeter.gui.util.JMeterMenuBar: setRunning(true,*local*) 
2015/01/05 15:05:07 INFO  - jmeter.engine.StandardJMeterEngine: Starting ThreadGroup: 1 : Thread Group 
2015/01/05 15:05:07 INFO  - jmeter.engine.StandardJMeterEngine: Starting 1 threads for group Thread Group. 
2015/01/05 15:05:07 INFO  - jmeter.engine.StandardJMeterEngine: Thread will continue on error 
2015/01/05 15:05:07 INFO  - jmeter.threads.ThreadGroup: Starting thread group number 1 threads 1 ramp-up 1 perThread 1000.0 delayedStart=false 
2015/01/05 15:05:07 INFO  - jmeter.threads.ThreadGroup: Started thread group number 1 
2015/01/05 15:05:07 INFO  - jmeter.engine.StandardJMeterEngine: All thread groups have been started 
2015/01/05 15:05:07 INFO  - jmeter.threads.JMeterThread: Thread started: Thread Group 1-1 
2015/01/05 15:05:08 INFO  - jmeter.threads.JMeterThread: Thread finished: Thread Group 1-1 
2015/01/05 15:05:08 INFO  - jmeter.engine.StandardJMeterEngine: Notifying test listeners of end of test 
2015/01/05 15:05:08 INFO  - jmeter.gui.util.JMeterMenuBar: setRunning(false,*local*) 
2015/01/05 15:05:15 INFO  - jmeter.engine.StandardJMeterEngine: Running the test! 
2015/01/05 15:05:15 INFO  - jmeter.samplers.SampleEvent: List of sample_variables: [] 
2015/01/05 15:05:15 INFO  - jmeter.gui.util.JMeterMenuBar: setRunning(true,*local*) 
2015/01/05 15:05:15 INFO  - jmeter.engine.StandardJMeterEngine: Starting ThreadGroup: 1 : Thread Group 
2015/01/05 15:05:15 INFO  - jmeter.engine.StandardJMeterEngine: Starting 1 threads for group Thread Group. 
2015/01/05 15:05:15 INFO  - jmeter.engine.StandardJMeterEngine: Thread will continue on error 
2015/01/05 15:05:15 INFO  - jmeter.threads.ThreadGroup: Starting thread group number 1 threads 1 ramp-up 1 perThread 1000.0 delayedStart=false 
2015/01/05 15:05:15 INFO  - jmeter.threads.ThreadGroup: Started thread group number 1 
2015/01/05 15:05:15 INFO  - jmeter.engine.StandardJMeterEngine: All thread groups have been started 
2015/01/05 15:05:15 INFO  - jmeter.threads.JMeterThread: Thread started: Thread Group 1-1 
2015/01/05 15:05:16 INFO  - jmeter.threads.JMeterThread: Thread finished: Thread Group 1-1 
2015/01/05 15:05:16 INFO  - jmeter.engine.StandardJMeterEngine: Notifying test listeners of end of test 
2015/01/05 15:05:16 INFO  - jmeter.gui.util.JMeterMenuBar: setRunning(false,*local*) 
2015/01/05 15:05:32 INFO  - jmeter.engine.StandardJMeterEngine: Running the test! 
2015/01/05 15:05:32 INFO  - jmeter.samplers.SampleEvent: List of sample_variables: [] 
2015/01/05 15:05:32 INFO  - jmeter.gui.util.JMeterMenuBar: setRunning(true,*local*) 
2015/01/05 15:05:32 INFO  - jmeter.engine.StandardJMeterEngine: Starting ThreadGroup: 1 : Thread Group 
2015/01/05 15:05:32 INFO  - jmeter.engine.StandardJMeterEngine: Starting 1 threads for group Thread Group. 
2015/01/05 15:05:32 INFO  - jmeter.engine.StandardJMeterEngine: Thread will continue on error 
2015/01/05 15:05:32 INFO  - jmeter.threads.ThreadGroup: Starting thread group number 1 threads 1 ramp-up 1 perThread 1000.0 delayedStart=false 
2015/01/05 15:05:32 INFO  - jmeter.threads.ThreadGroup: Started thread group number 1 
2015/01/05 15:05:32 INFO  - jmeter.engine.StandardJMeterEngine: All thread groups have been started 
2015/01/05 15:05:32 INFO  - jmeter.threads.JMeterThread: Thread started: Thread Group 1-1 
2015/01/05 15:06:23 INFO  - jmeter.threads.JMeterThread: Thread finished: Thread Group 1-1 
2015/01/05 15:06:23 INFO  - jmeter.engine.StandardJMeterEngine: Notifying test listeners of end of test 
2015/01/05 15:06:23 INFO  - jmeter.gui.util.JMeterMenuBar: setRunning(false,*local*) 
2015/01/05 15:07:22 INFO  - jmeter.engine.StandardJMeterEngine: Running the test! 
2015/01/05 15:07:22 INFO  - jmeter.samplers.SampleEvent: List of sample_variables: [] 
2015/01/05 15:07:22 INFO  - jmeter.gui.util.JMeterMenuBar: setRunning(true,*local*) 
2015/01/05 15:07:22 INFO  - jmeter.engine.StandardJMeterEngine: Starting ThreadGroup: 1 : Thread Group 
2015/01/05 15:07:22 INFO  - jmeter.engine.StandardJMeterEngine: Starting 1 threads for group Thread Group. 
2015/01/05 15:07:22 INFO  - jmeter.engine.StandardJMeterEngine: Thread will continue on error 
2015/01/05 15:07:22 INFO  - jmeter.threads.ThreadGroup: Starting thread group number 1 threads 1 ramp-up 1 perThread 1000.0 delayedStart=false 
2015/01/05 15:07:22 INFO  - jmeter.threads.ThreadGroup: Started thread group number 1 
2015/01/05 15:07:22 INFO  - jmeter.engine.StandardJMeterEngine: All thread groups have been started 
2015/01/05 15:07:22 INFO  - jmeter.threads.JMeterThread: Thread started: Thread Group 1-1 
2015/01/05 15:07:27 INFO  - jmeter.threads.JMeterThread: Thread finished: Thread Group 1-1 
2015/01/05 15:07:27 INFO  - jmeter.engine.StandardJMeterEngine: Notifying test listeners of end of test 
2015/01/05 15:07:27 INFO  - jmeter.gui.util.JMeterMenuBar: setRunning(false,*local*) 
2015/01/05 15:09:32 INFO  - jmeter.engine.StandardJMeterEngine: Running the test! 
2015/01/05 15:09:32 INFO  - jmeter.samplers.SampleEvent: List of sample_variables: [] 
2015/01/05 15:09:32 INFO  - jmeter.gui.util.JMeterMenuBar: setRunning(true,*local*) 
2015/01/05 15:09:32 INFO  - jmeter.engine.StandardJMeterEngine: Starting ThreadGroup: 1 : Thread Group 
2015/01/05 15:09:32 INFO  - jmeter.engine.StandardJMeterEngine: Starting 1 threads for group Thread Group. 
2015/01/05 15:09:32 INFO  - jmeter.engine.StandardJMeterEngine: Thread will continue on error 
2015/01/05 15:09:32 INFO  - jmeter.threads.ThreadGroup: Starting thread group number 1 threads 1 ramp-up 1 perThread 1000.0 delayedStart=false 
2015/01/05 15:09:32 INFO  - jmeter.threads.ThreadGroup: Started thread group number 1 
2015/01/05 15:09:32 INFO  - jmeter.engine.StandardJMeterEngine: All thread groups have been started 
2015/01/05 15:09:32 INFO  - jmeter.threads.JMeterThread: Thread started: Thread Group 1-1 
2015/01/05 15:09:37 INFO  - jmeter.threads.JMeterThread: Thread finished: Thread Group 1-1 
2015/01/05 15:09:37 INFO  - jmeter.engine.StandardJMeterEngine: Notifying test listeners of end of test 
2015/01/05 15:09:37 INFO  - jmeter.gui.util.JMeterMenuBar: setRunning(false,*local*) 
2015/01/05 15:09:51 INFO  - jmeter.engine.StandardJMeterEngine: Running the test! 
2015/01/05 15:09:51 INFO  - jmeter.samplers.SampleEvent: List of sample_variables: [] 
2015/01/05 15:09:51 INFO  - jmeter.gui.util.JMeterMenuBar: setRunning(true,*local*) 
2015/01/05 15:09:52 INFO  - jmeter.engine.StandardJMeterEngine: Starting ThreadGroup: 1 : Thread Group 
2015/01/05 15:09:52 INFO  - jmeter.engine.StandardJMeterEngine: Starting 1 threads for group Thread Group. 
2015/01/05 15:09:52 INFO  - jmeter.engine.StandardJMeterEngine: Thread will continue on error 
2015/01/05 15:09:52 INFO  - jmeter.threads.ThreadGroup: Starting thread group number 1 threads 1 ramp-up 1 perThread 1000.0 delayedStart=false 
2015/01/05 15:09:52 INFO  - jmeter.threads.ThreadGroup: Started thread group number 1 
2015/01/05 15:09:52 INFO  - jmeter.engine.StandardJMeterEngine: All thread groups have been started 
2015/01/05 15:09:52 INFO  - jmeter.threads.JMeterThread: Thread started: Thread Group 1-1 
2015/01/05 15:09:56 INFO  - jmeter.threads.JMeterThread: Thread finished: Thread Group 1-1 
2015/01/05 15:09:56 INFO  - jmeter.engine.StandardJMeterEngine: Notifying test listeners of end of test 
2015/01/05 15:09:56 INFO  - jmeter.gui.util.JMeterMenuBar: setRunning(false,*local*) 
2015/01/05 15:10:20 INFO  - jmeter.engine.StandardJMeterEngine: Running the test! 
2015/01/05 15:10:20 INFO  - jmeter.samplers.SampleEvent: List of sample_variables: [] 
2015/01/05 15:10:20 INFO  - jmeter.gui.util.JMeterMenuBar: setRunning(true,*local*) 
2015/01/05 15:10:20 INFO  - jmeter.engine.StandardJMeterEngine: Starting ThreadGroup: 1 : Thread Group 
2015/01/05 15:10:20 INFO  - jmeter.engine.StandardJMeterEngine: Starting 1 threads for group Thread Group. 
2015/01/05 15:10:20 INFO  - jmeter.engine.StandardJMeterEngine: Thread will continue on error 
2015/01/05 15:10:20 INFO  - jmeter.threads.ThreadGroup: Starting thread group number 1 threads 1 ramp-up 1 perThread 1000.0 delayedStart=false 
2015/01/05 15:10:20 INFO  - jmeter.threads.ThreadGroup: Started thread group number 1 
2015/01/05 15:10:20 INFO  - jmeter.engine.StandardJMeterEngine: All thread groups have been started 
2015/01/05 15:10:20 INFO  - jmeter.threads.JMeterThread: Thread started: Thread Group 1-1 
2015/01/05 15:10:26 INFO  - jmeter.threads.JMeterThread: Thread finished: Thread Group 1-1 
2015/01/05 15:10:26 INFO  - jmeter.engine.StandardJMeterEngine: Notifying test listeners of end of test 
2015/01/05 15:10:26 INFO  - jmeter.gui.util.JMeterMenuBar: setRunning(false,*local*) 
2015/01/05 15:11:21 INFO  - jmeter.engine.StandardJMeterEngine: Running the test! 
2015/01/05 15:11:21 INFO  - jmeter.samplers.SampleEvent: List of sample_variables: [] 
2015/01/05 15:11:21 INFO  - jmeter.gui.util.JMeterMenuBar: setRunning(true,*local*) 
2015/01/05 15:11:21 INFO  - jmeter.engine.StandardJMeterEngine: Starting ThreadGroup: 1 : Thread Group 
2015/01/05 15:11:21 INFO  - jmeter.engine.StandardJMeterEngine: Starting 1 threads for group Thread Group. 
2015/01/05 15:11:21 INFO  - jmeter.engine.StandardJMeterEngine: Thread will continue on error 
2015/01/05 15:11:21 INFO  - jmeter.threads.ThreadGroup: Starting thread group number 1 threads 1 ramp-up 1 perThread 1000.0 delayedStart=false 
2015/01/05 15:11:21 INFO  - jmeter.threads.ThreadGroup: Started thread group number 1 
2015/01/05 15:11:21 INFO  - jmeter.engine.StandardJMeterEngine: All thread groups have been started 
2015/01/05 15:11:21 INFO  - jmeter.threads.JMeterThread: Thread started: Thread Group 1-1 
2015/01/05 15:11:29 INFO  - jmeter.threads.JMeterThread: Thread finished: Thread Group 1-1 
2015/01/05 15:11:29 INFO  - jmeter.engine.StandardJMeterEngine: Notifying test listeners of end of test 
2015/01/05 15:11:29 INFO  - jmeter.gui.util.JMeterMenuBar: setRunning(false,*local*) 
2015/01/05 15:12:01 INFO  - jmeter.engine.StandardJMeterEngine: Running the test! 
2015/01/05 15:12:01 INFO  - jmeter.samplers.SampleEvent: List of sample_variables: [] 
2015/01/05 15:12:01 INFO  - jmeter.gui.util.JMeterMenuBar: setRunning(true,*local*) 
2015/01/05 15:12:01 INFO  - jmeter.engine.StandardJMeterEngine: Starting ThreadGroup: 1 : Thread Group 
2015/01/05 15:12:01 INFO  - jmeter.engine.StandardJMeterEngine: Starting 1 threads for group Thread Group. 
2015/01/05 15:12:01 INFO  - jmeter.engine.StandardJMeterEngine: Thread will continue on error 
2015/01/05 15:12:01 INFO  - jmeter.threads.ThreadGroup: Starting thread group number 1 threads 1 ramp-up 1 perThread 1000.0 delayedStart=false 
2015/01/05 15:12:01 INFO  - jmeter.threads.ThreadGroup: Started thread group number 1 
2015/01/05 15:12:01 INFO  - jmeter.engine.StandardJMeterEngine: All thread groups have been started 
2015/01/05 15:12:01 INFO  - jmeter.threads.JMeterThread: Thread started: Thread Group 1-1 
2015/01/05 15:12:09 INFO  - jmeter.threads.JMeterThread: Thread finished: Thread Group 1-1 
2015/01/05 15:12:09 INFO  - jmeter.engine.StandardJMeterEngine: Notifying test listeners of end of test 
2015/01/05 15:12:09 INFO  - jmeter.gui.util.JMeterMenuBar: setRunning(false,*local*) 
2015/01/05 15:25:01 INFO  - jmeter.engine.StandardJMeterEngine: Running the test! 
2015/01/05 15:25:01 INFO  - jmeter.samplers.SampleEvent: List of sample_variables: [] 
2015/01/05 15:25:01 INFO  - jmeter.gui.util.JMeterMenuBar: setRunning(true,*local*) 
2015/01/05 15:25:01 INFO  - jmeter.engine.StandardJMeterEngine: Starting ThreadGroup: 1 : Thread Group 
2015/01/05 15:25:01 INFO  - jmeter.engine.StandardJMeterEngine: Starting 1 threads for group Thread Group. 
2015/01/05 15:25:01 INFO  - jmeter.engine.StandardJMeterEngine: Thread will continue on error 
2015/01/05 15:25:01 INFO  - jmeter.threads.ThreadGroup: Starting thread group number 1 threads 1 ramp-up 1 perThread 1000.0 delayedStart=false 
2015/01/05 15:25:01 INFO  - jmeter.threads.ThreadGroup: Started thread group number 1 
2015/01/05 15:25:01 INFO  - jmeter.engine.StandardJMeterEngine: All thread groups have been started 
2015/01/05 15:25:01 INFO  - jmeter.threads.JMeterThread: Thread started: Thread Group 1-1 
2015/01/05 15:25:11 INFO  - jmeter.threads.JMeterThread: Thread finished: Thread Group 1-1 
2015/01/05 15:25:11 INFO  - jmeter.engine.StandardJMeterEngine: Notifying test listeners of end of test 
2015/01/05 15:25:11 INFO  - jmeter.gui.util.JMeterMenuBar: setRunning(false,*local*) 
2015/01/05 15:56:06 INFO  - jmeter.engine.StandardJMeterEngine: Running the test! 
2015/01/05 15:56:06 INFO  - jmeter.samplers.SampleEvent: List of sample_variables: [] 
2015/01/05 15:56:06 INFO  - jmeter.gui.util.JMeterMenuBar: setRunning(true,*local*) 
2015/01/05 15:56:06 INFO  - jmeter.engine.StandardJMeterEngine: Starting ThreadGroup: 1 : Thread Group 
2015/01/05 15:56:06 INFO  - jmeter.engine.StandardJMeterEngine: Starting 1 threads for group Thread Group. 
2015/01/05 15:56:06 INFO  - jmeter.engine.StandardJMeterEngine: Thread will continue on error 
2015/01/05 15:56:06 INFO  - jmeter.threads.ThreadGroup: Starting thread group number 1 threads 1 ramp-up 1 perThread 1000.0 delayedStart=false 
2015/01/05 15:56:06 INFO  - jmeter.threads.ThreadGroup: Started thread group number 1 
2015/01/05 15:56:06 INFO  - jmeter.engine.StandardJMeterEngine: All thread groups have been started 
2015/01/05 15:56:06 INFO  - jmeter.threads.JMeterThread: Thread started: Thread Group 1-1 
2015/01/05 15:56:16 INFO  - jmeter.threads.JMeterThread: Thread finished: Thread Group 1-1 
2015/01/05 15:56:16 INFO  - jmeter.engine.StandardJMeterEngine: Notifying test listeners of end of test 
2015/01/05 15:56:16 INFO  - jmeter.gui.util.JMeterMenuBar: setRunning(false,*local*) 
2015/01/05 15:56:48 INFO  - jmeter.engine.StandardJMeterEngine: Running the test! 
2015/01/05 15:56:48 INFO  - jmeter.samplers.SampleEvent: List of sample_variables: [] 
2015/01/05 15:56:48 INFO  - jmeter.gui.util.JMeterMenuBar: setRunning(true,*local*) 
2015/01/05 15:56:48 INFO  - jmeter.engine.StandardJMeterEngine: Starting ThreadGroup: 1 : Thread Group 
2015/01/05 15:56:48 INFO  - jmeter.engine.StandardJMeterEngine: Starting 1 threads for group Thread Group. 
2015/01/05 15:56:48 INFO  - jmeter.engine.StandardJMeterEngine: Thread will continue on error 
2015/01/05 15:56:48 INFO  - jmeter.threads.ThreadGroup: Starting thread group number 1 threads 1 ramp-up 1 perThread 1000.0 delayedStart=false 
2015/01/05 15:56:48 INFO  - jmeter.threads.ThreadGroup: Started thread group number 1 
2015/01/05 15:56:48 INFO  - jmeter.engine.StandardJMeterEngine: All thread groups have been started 
2015/01/05 15:56:48 INFO  - jmeter.threads.JMeterThread: Thread started: Thread Group 1-1 
2015/01/05 15:57:33 INFO  - jmeter.threads.JMeterThread: Thread finished: Thread Group 1-1 
2015/01/05 15:57:33 INFO  - jmeter.engine.StandardJMeterEngine: Notifying test listeners of end of test 
2015/01/05 15:57:33 INFO  - jmeter.gui.util.JMeterMenuBar: setRunning(false,*local*) 
